BcastRecCompBcast/app/build/intermediates/manifest_merge_blame_file/debug/manifest-merger-blame-debug-report.txt
1<?xml version="1.0" encoding="utf-8"?>
2<manifest xmlns:android="http://schemas.android.com/apk/res/android"
3    package="course.examples.broadcastreceiver.compoundbroadcast" >
4
5    <uses-sdk
6        android:minSdkVersion="23"
6-->src\main\AndroidManifest.xml
7        android:targetSdkVersion="28" />
7-->src\main\AndroidManifest.xml
8
9    <uses-permission android:name="android.permission.VIBRATE" />
9-->src\main\AndroidManifest.xml:5:5-66
9-->src\main\AndroidManifest.xml:5:22-63
10
11    <application
11-->src\main\AndroidManifest.xml:7:5-37:19
12        android:allowBackup="false"
12-->src\main\AndroidManifest.xml:8:9-36
13        android:debuggable="true"
14        android:icon="@mipmap/ic_launcher"
14-->src\main\AndroidManifest.xml:9:9-43
15        android:label="@string/app_name"
15-->src\main\AndroidManifest.xml:10:9-41
16        android:theme="@style/MaterialTheme" >
16-->src\main\AndroidManifest.xml:11:9-45
17        <activity
17-->src\main\AndroidManifest.xml:12:9-20:20
18            android:name="course.examples.broadcastreceiver.compoundbroadcast.CompoundBroadcast"
18-->src\main\AndroidManifest.xml:13:13-46
19            android:label="@string/app_name" >
19-->src\main\AndroidManifest.xml:14:13-45
20            <intent-filter>
20-->src\main\AndroidManifest.xml:15:13-19:29
21                <action android:name="android.intent.action.MAIN" />
21-->src\main\AndroidManifest.xml:16:17-69
21-->src\main\AndroidManifest.xml:16:25-66
22
23                <category android:name="android.intent.category.LAUNCHER" />
23-->src\main\AndroidManifest.xml:18:17-77
23-->src\main\AndroidManifest.xml:18:27-74
24            </intent-filter>
25        </activity>
26
27        <receiver
27-->src\main\AndroidManifest.xml:22:9-28:20
28            android:name="course.examples.broadcastreceiver.compoundbroadcast.Receiver3"
28-->src\main\AndroidManifest.xml:23:13-38
29            android:exported="false" >
29-->src\main\AndroidManifest.xml:24:13-37
30            <intent-filter>
30-->src\main\AndroidManifest.xml:25:13-27:29
31                <action android:name="course.examples.broadcastreceiver.compoundbroadcast.SHOW_TOAST" />
31-->src\main\AndroidManifest.xml:26:17-105
31-->src\main\AndroidManifest.xml:26:25-102
32            </intent-filter>
33        </receiver>
34        <receiver
34-->src\main\AndroidManifest.xml:30:9-36:20
35            android:name="course.examples.broadcastreceiver.compoundbroadcast.Receiver2"
35-->src\main\AndroidManifest.xml:31:13-38
36            android:exported="false" >
36-->src\main\AndroidManifest.xml:32:13-37
37            <intent-filter>
37-->src\main\AndroidManifest.xml:25:13-27:29
38                <action android:name="course.examples.broadcastreceiver.compoundbroadcast.SHOW_TOAST" />
38-->src\main\AndroidManifest.xml:26:17-105
38-->src\main\AndroidManifest.xml:26:25-102
39            </intent-filter>
40        </receiver>
41    </application>
42
43</manifest>